2022-12-05 02:34:13 [main] [useLog4J2LoggerFactory] [76] DEBUG netty.util.internal.logging.InternalLoggerFactory - Using Log4J2 as the default logging framework
2022-12-05 02:34:13 [main] [<clinit>] [129] DEBUG io.netty.util.ResourceLeakDetector - -Dio.netty.leakDetection.level: simple
2022-12-05 02:34:13 [main] [<clinit>] [130] DEBUG io.netty.util.ResourceLeakDetector - -Dio.netty.leakDetection.targetRecords: 4
2022-12-05 02:34:13 [main] [newResourceLeakDetector] [196] DEBUG io.netty.util.ResourceLeakDetectorFactory - Loaded default ResourceLeakDetector: io.netty.util.ResourceLeakDetector@61f39bb
2022-12-05 02:34:13 [main] [explicitNoUnsafeCause0] [496] DEBUG io.netty.util.internal.PlatformDependent0 - -Dio.netty.noUnsafe: false
2022-12-05 02:34:13 [main] [javaVersion0] [1000] DEBUG io.netty.util.internal.PlatformDependent0 - Java version: 17
2022-12-05 02:34:13 [main] [<clinit>] [137] DEBUG io.netty.util.internal.PlatformDependent0 - sun.misc.Unsafe.theUnsafe: available
2022-12-05 02:34:13 [main] [<clinit>] [161] DEBUG io.netty.util.internal.PlatformDependent0 - sun.misc.Unsafe.copyMemory: available
2022-12-05 02:34:13 [main] [<clinit>] [193] DEBUG io.netty.util.internal.PlatformDependent0 - sun.misc.Unsafe.storeFence: available
2022-12-05 02:34:13 [main] [<clinit>] [236] DEBUG io.netty.util.internal.PlatformDependent0 - java.nio.Buffer.address: available
2022-12-05 02:34:13 [main] [<clinit>] [317] DEBUG io.netty.util.internal.PlatformDependent0 - direct buffer constructor: unavailable
java.lang.UnsupportedOperationException: Reflective setAccessible(true) disabled
	at io.netty.util.internal.ReflectionUtil.trySetAccessible(ReflectionUtil.java:31) ~[netty-common-4.1.84.Final.jar:4.1.84.Final]
	at io.netty.util.internal.PlatformDependent0$5.run(PlatformDependent0.java:288) ~[netty-common-4.1.84.Final.jar:4.1.84.Final]
	at java.security.AccessController.doPrivileged(AccessController.java:318) ~[?:?]
	at io.netty.util.internal.PlatformDependent0.<clinit>(PlatformDependent0.java:282) ~[netty-common-4.1.84.Final.jar:4.1.84.Final]
	at io.netty.util.internal.PlatformDependent.isAndroid(PlatformDependent.java:333) ~[netty-common-4.1.84.Final.jar:4.1.84.Final]
	at io.netty.util.internal.PlatformDependent.<clinit>(PlatformDependent.java:88) ~[netty-common-4.1.84.Final.jar:4.1.84.Final]
	at io.netty.util.HashedWheelTimer.<init>(HashedWheelTimer.java:114) ~[netty-common-4.1.84.Final.jar:4.1.84.Final]
	at io.netty.util.HashedWheelTimer.<init>(HashedWheelTimer.java:251) ~[netty-common-4.1.84.Final.jar:4.1.84.Final]
	at io.netty.util.HashedWheelTimer.<init>(HashedWheelTimer.java:224) ~[netty-common-4.1.84.Final.jar:4.1.84.Final]
	at io.netty.util.HashedWheelTimer.<init>(HashedWheelTimer.java:203) ~[netty-common-4.1.84.Final.jar:4.1.84.Final]
	at org.asynchttpclient.DefaultAsyncHttpClient.newNettyTimer(DefaultAsyncHttpClient.java:111) ~[async-http-client-2.12.3.jar:?]
	at org.asynchttpclient.DefaultAsyncHttpClient.<init>(DefaultAsyncHttpClient.java:90) ~[async-http-client-2.12.3.jar:?]
	at org.asynchttpclient.Dsl.asyncHttpClient(Dsl.java:32) ~[async-http-client-2.12.3.jar:?]
	at org.openqa.selenium.remote.http.netty.NettyClient.createHttpClient(NettyClient.java:94) ~[selenium-remote-driver-4.5.3.jar:?]
	at org.openqa.selenium.remote.http.netty.NettyClient.<clinit>(NettyClient.java:47) ~[selenium-remote-driver-4.5.3.jar:?]
	at org.openqa.selenium.remote.http.netty.NettyClient$Factory.createClient(NettyClient.java:135) ~[selenium-remote-driver-4.5.3.jar:?]
	at org.openqa.selenium.remote.HttpCommandExecutor.<init>(HttpCommandExecutor.java:107) ~[selenium-remote-driver-4.5.3.jar:?]
	at org.openqa.selenium.remote.HttpCommandExecutor.<init>(HttpCommandExecutor.java:94) ~[selenium-remote-driver-4.5.3.jar:?]
	at org.openqa.selenium.remote.HttpCommandExecutor.<init>(HttpCommandExecutor.java:85) ~[selenium-remote-driver-4.5.3.jar:?]
	at org.openqa.selenium.remote.service.DriverCommandExecutor.<init>(DriverCommandExecutor.java:80) ~[selenium-remote-driver-4.5.3.jar:?]
	at org.openqa.selenium.chromium.ChromiumDriverCommandExecutor.<init>(ChromiumDriverCommandExecutor.java:35) ~[selenium-chromium-driver-4.5.3.jar:?]
	at org.openqa.selenium.chrome.ChromeDriver$ChromeDriverCommandExecutor.<init>(ChromeDriver.java:93) ~[selenium-chrome-driver-4.5.3.jar:?]
	at org.openqa.selenium.chrome.ChromeDriver.<init>(ChromeDriver.java:81) ~[selenium-chrome-driver-4.5.3.jar:?]
	at org.openqa.selenium.chrome.ChromeDriver.<init>(ChromeDriver.java:70) ~[selenium-chrome-driver-4.5.3.jar:?]
	at by.epam.pageobject_model.driver.DriverSingleton.getDriver(DriverSingleton.java:46) ~[test-classes/:?]
	at by.epam.pageobject_model.page.AbstractPage.<init>(AbstractPage.java:12) ~[test-classes/:?]
	at by.epam.pageobject_model.page.HomePage.<init>(HomePage.java:29) ~[test-classes/:?]
	at by.epam.pageobject_model.cucumber.steps.MailruLoginSteps.<init>(MailruLoginSteps.java:20) ~[test-classes/:?]
	at jdk.internal.reflect.NativeConstructorAccessorImpl.newInstance0(Native Method) ~[?:?]
	at jdk.internal.reflect.NativeConstructorAccessorImpl.newInstance(NativeConstructorAccessorImpl.java:77) ~[?:?]
	at jdk.internal.reflect.DelegatingConstructorAccessorImpl.newInstance(DelegatingConstructorAccessorImpl.java:45) ~[?:?]
	at java.lang.reflect.Constructor.newInstanceWithCaller(Constructor.java:499) ~[?:?]
	at java.lang.reflect.Constructor.newInstance(Constructor.java:480) ~[?:?]
	at io.cucumber.core.backend.DefaultObjectFactory.cacheNewInstance(DefaultObjectFactory.java:53) ~[cucumber-core-7.8.1.jar:7.8.1]
	at io.cucumber.core.backend.DefaultObjectFactory.getInstance(DefaultObjectFactory.java:45) ~[cucumber-core-7.8.1.jar:7.8.1]
	at io.cucumber.java.AbstractGlueDefinition.invokeMethod(AbstractGlueDefinition.java:47) ~[cucumber-java-7.8.1.jar:7.8.1]
	at io.cucumber.java.JavaStepDefinition.execute(JavaStepDefinition.java:29) ~[cucumber-java-7.8.1.jar:7.8.1]
	at io.cucumber.core.runner.CoreStepDefinition.execute(CoreStepDefinition.java:66) ~[cucumber-core-7.8.1.jar:7.8.1]
	at io.cucumber.core.runner.PickleStepDefinitionMatch.runStep(PickleStepDefinitionMatch.java:63) ~[cucumber-core-7.8.1.jar:7.8.1]
	at io.cucumber.core.runner.ExecutionMode$1.execute(ExecutionMode.java:10) ~[cucumber-core-7.8.1.jar:7.8.1]
	at io.cucumber.core.runner.TestStep.executeStep(TestStep.java:85) ~[cucumber-core-7.8.1.jar:7.8.1]
	at io.cucumber.core.runner.TestStep.run(TestStep.java:57) ~[cucumber-core-7.8.1.jar:7.8.1]
	at io.cucumber.core.runner.PickleStepTestStep.run(PickleStepTestStep.java:51) ~[cucumber-core-7.8.1.jar:7.8.1]
	at io.cucumber.core.runner.TestCase.run(TestCase.java:84) ~[cucumber-core-7.8.1.jar:7.8.1]
	at io.cucumber.core.runner.Runner.runPickle(Runner.java:75) ~[cucumber-core-7.8.1.jar:7.8.1]
	at io.cucumber.testng.TestNGCucumberRunner.lambda$runScenario$1(TestNGCucumberRunner.java:132) ~[cucumber-testng-7.8.1.jar:7.8.1]
	at io.cucumber.core.runtime.CucumberExecutionContext.lambda$runTestCase$5(CucumberExecutionContext.java:129) ~[cucumber-core-7.8.1.jar:7.8.1]
	at io.cucumber.core.runtime.RethrowingThrowableCollector.executeAndThrow(RethrowingThrowableCollector.java:23) [cucumber-core-7.8.1.jar:7.8.1]
	at io.cucumber.core.runtime.CucumberExecutionContext.runTestCase(CucumberExecutionContext.java:129) [cucumber-core-7.8.1.jar:7.8.1]
	at io.cucumber.testng.TestNGCucumberRunner.runScenario(TestNGCucumberRunner.java:129) [cucumber-testng-7.8.1.jar:7.8.1]
	at io.cucumber.testng.AbstractTestNGCucumberTests.runScenario(AbstractTestNGCucumberTests.java:35) [cucumber-testng-7.8.1.jar:7.8.1]
	at jdk.internal.reflect.NativeMethodAccessorImpl.invoke0(Native Method) ~[?:?]
	at jdk.internal.reflect.NativeMethodAccessorImpl.invoke(NativeMethodAccessorImpl.java:77) ~[?:?]
	at jdk.internal.reflect.DelegatingMethodAccessorImpl.invoke(DelegatingMethodAccessorImpl.java:43) ~[?:?]
	at java.lang.reflect.Method.invoke(Method.java:568) ~[?:?]
	at org.testng.internal.MethodInvocationHelper.invokeMethod(MethodInvocationHelper.java:131) [testng-7.0.0-beta1.jar:?]
	at org.testng.internal.Invoker.invokeMethod(Invoker.java:658) [testng-7.0.0-beta1.jar:?]
	at org.testng.internal.Invoker.invokeTestMethod(Invoker.java:792) [testng-7.0.0-beta1.jar:?]
	at org.testng.internal.Invoker.invokeTestMethods(Invoker.java:1103) [testng-7.0.0-beta1.jar:?]
	at org.testng.internal.TestMethodWorker.invokeTestMethods(TestMethodWorker.java:140) [testng-7.0.0-beta1.jar:?]
	at org.testng.internal.TestMethodWorker.run(TestMethodWorker.java:122) [testng-7.0.0-beta1.jar:?]
	at org.testng.TestRunner.privateRun(TestRunner.java:739) [testng-7.0.0-beta1.jar:?]
	at org.testng.TestRunner.run(TestRunner.java:589) [testng-7.0.0-beta1.jar:?]
	at org.testng.SuiteRunner.runTest(SuiteRunner.java:398) [testng-7.0.0-beta1.jar:?]
	at org.testng.SuiteRunner.runSequentially(SuiteRunner.java:392) [testng-7.0.0-beta1.jar:?]
	at org.testng.SuiteRunner.privateRun(SuiteRunner.java:354) [testng-7.0.0-beta1.jar:?]
	at org.testng.SuiteRunner.run(SuiteRunner.java:302) [testng-7.0.0-beta1.jar:?]
	at org.testng.SuiteRunnerWorker.runSuite(SuiteRunnerWorker.java:53) [testng-7.0.0-beta1.jar:?]
	at org.testng.SuiteRunnerWorker.run(SuiteRunnerWorker.java:96) [testng-7.0.0-beta1.jar:?]
	at org.testng.TestNG.runSuitesSequentially(TestNG.java:1145) [testng-7.0.0-beta1.jar:?]
	at org.testng.TestNG.runSuitesLocally(TestNG.java:1067) [testng-7.0.0-beta1.jar:?]
	at org.testng.TestNG.runSuites(TestNG.java:997) [testng-7.0.0-beta1.jar:?]
	at org.testng.TestNG.run(TestNG.java:965) [testng-7.0.0-beta1.jar:?]
	at com.intellij.rt.testng.IDEARemoteTestNG.run(IDEARemoteTestNG.java:66) [testng-rt.jar:?]
	at com.intellij.rt.testng.RemoteTestNGStarter.main(RemoteTestNGStarter.java:109) [testng-rt.jar:?]
2022-12-05 02:34:13 [main] [<clinit>] [385] DEBUG io.netty.util.internal.PlatformDependent0 - java.nio.Bits.unaligned: available, true
2022-12-05 02:34:13 [main] [<clinit>] [449] DEBUG io.netty.util.internal.PlatformDependent0 - jdk.internal.misc.Unsafe.allocateUninitializedArray(int): unavailable
java.lang.IllegalAccessException: class io.netty.util.internal.PlatformDependent0$7 cannot access class jdk.internal.misc.Unsafe (in module java.base) because module java.base does not export jdk.internal.misc to unnamed module @5ebec15
	at jdk.internal.reflect.Reflection.newIllegalAccessException(Reflection.java:392) ~[?:?]
	at java.lang.reflect.AccessibleObject.checkAccess(AccessibleObject.java:674) ~[?:?]
	at java.lang.reflect.Method.invoke(Method.java:560) ~[?:?]
	at io.netty.util.internal.PlatformDependent0$7.run(PlatformDependent0.java:410) ~[netty-common-4.1.84.Final.jar:4.1.84.Final]
	at java.security.AccessController.doPrivileged(AccessController.java:318) ~[?:?]
	at io.netty.util.internal.PlatformDependent0.<clinit>(PlatformDependent0.java:401) ~[netty-common-4.1.84.Final.jar:4.1.84.Final]
	at io.netty.util.internal.PlatformDependent.isAndroid(PlatformDependent.java:333) ~[netty-common-4.1.84.Final.jar:4.1.84.Final]
	at io.netty.util.internal.PlatformDependent.<clinit>(PlatformDependent.java:88) ~[netty-common-4.1.84.Final.jar:4.1.84.Final]
	at io.netty.util.HashedWheelTimer.<init>(HashedWheelTimer.java:114) ~[netty-common-4.1.84.Final.jar:4.1.84.Final]
	at io.netty.util.HashedWheelTimer.<init>(HashedWheelTimer.java:251) ~[netty-common-4.1.84.Final.jar:4.1.84.Final]
	at io.netty.util.HashedWheelTimer.<init>(HashedWheelTimer.java:224) ~[netty-common-4.1.84.Final.jar:4.1.84.Final]
	at io.netty.util.HashedWheelTimer.<init>(HashedWheelTimer.java:203) ~[netty-common-4.1.84.Final.jar:4.1.84.Final]
	at org.asynchttpclient.DefaultAsyncHttpClient.newNettyTimer(DefaultAsyncHttpClient.java:111) ~[async-http-client-2.12.3.jar:?]
	at org.asynchttpclient.DefaultAsyncHttpClient.<init>(DefaultAsyncHttpClient.java:90) ~[async-http-client-2.12.3.jar:?]
	at org.asynchttpclient.Dsl.asyncHttpClient(Dsl.java:32) ~[async-http-client-2.12.3.jar:?]
	at org.openqa.selenium.remote.http.netty.NettyClient.createHttpClient(NettyClient.java:94) ~[selenium-remote-driver-4.5.3.jar:?]
	at org.openqa.selenium.remote.http.netty.NettyClient.<clinit>(NettyClient.java:47) ~[selenium-remote-driver-4.5.3.jar:?]
	at org.openqa.selenium.remote.http.netty.NettyClient$Factory.createClient(NettyClient.java:135) ~[selenium-remote-driver-4.5.3.jar:?]
	at org.openqa.selenium.remote.HttpCommandExecutor.<init>(HttpCommandExecutor.java:107) ~[selenium-remote-driver-4.5.3.jar:?]
	at org.openqa.selenium.remote.HttpCommandExecutor.<init>(HttpCommandExecutor.java:94) ~[selenium-remote-driver-4.5.3.jar:?]
	at org.openqa.selenium.remote.HttpCommandExecutor.<init>(HttpCommandExecutor.java:85) ~[selenium-remote-driver-4.5.3.jar:?]
	at org.openqa.selenium.remote.service.DriverCommandExecutor.<init>(DriverCommandExecutor.java:80) ~[selenium-remote-driver-4.5.3.jar:?]
	at org.openqa.selenium.chromium.ChromiumDriverCommandExecutor.<init>(ChromiumDriverCommandExecutor.java:35) ~[selenium-chromium-driver-4.5.3.jar:?]
	at org.openqa.selenium.chrome.ChromeDriver$ChromeDriverCommandExecutor.<init>(ChromeDriver.java:93) ~[selenium-chrome-driver-4.5.3.jar:?]
	at org.openqa.selenium.chrome.ChromeDriver.<init>(ChromeDriver.java:81) ~[selenium-chrome-driver-4.5.3.jar:?]
	at org.openqa.selenium.chrome.ChromeDriver.<init>(ChromeDriver.java:70) ~[selenium-chrome-driver-4.5.3.jar:?]
	at by.epam.pageobject_model.driver.DriverSingleton.getDriver(DriverSingleton.java:46) ~[test-classes/:?]
	at by.epam.pageobject_model.page.AbstractPage.<init>(AbstractPage.java:12) ~[test-classes/:?]
	at by.epam.pageobject_model.page.HomePage.<init>(HomePage.java:29) ~[test-classes/:?]
	at by.epam.pageobject_model.cucumber.steps.MailruLoginSteps.<init>(MailruLoginSteps.java:20) ~[test-classes/:?]
	at jdk.internal.reflect.NativeConstructorAccessorImpl.newInstance0(Native Method) ~[?:?]
	at jdk.internal.reflect.NativeConstructorAccessorImpl.newInstance(NativeConstructorAccessorImpl.java:77) ~[?:?]
	at jdk.internal.reflect.DelegatingConstructorAccessorImpl.newInstance(DelegatingConstructorAccessorImpl.java:45) ~[?:?]
	at java.lang.reflect.Constructor.newInstanceWithCaller(Constructor.java:499) ~[?:?]
	at java.lang.reflect.Constructor.newInstance(Constructor.java:480) ~[?:?]
	at io.cucumber.core.backend.DefaultObjectFactory.cacheNewInstance(DefaultObjectFactory.java:53) ~[cucumber-core-7.8.1.jar:7.8.1]
	at io.cucumber.core.backend.DefaultObjectFactory.getInstance(DefaultObjectFactory.java:45) ~[cucumber-core-7.8.1.jar:7.8.1]
	at io.cucumber.java.AbstractGlueDefinition.invokeMethod(AbstractGlueDefinition.java:47) ~[cucumber-java-7.8.1.jar:7.8.1]
	at io.cucumber.java.JavaStepDefinition.execute(JavaStepDefinition.java:29) ~[cucumber-java-7.8.1.jar:7.8.1]
	at io.cucumber.core.runner.CoreStepDefinition.execute(CoreStepDefinition.java:66) ~[cucumber-core-7.8.1.jar:7.8.1]
	at io.cucumber.core.runner.PickleStepDefinitionMatch.runStep(PickleStepDefinitionMatch.java:63) ~[cucumber-core-7.8.1.jar:7.8.1]
	at io.cucumber.core.runner.ExecutionMode$1.execute(ExecutionMode.java:10) ~[cucumber-core-7.8.1.jar:7.8.1]
	at io.cucumber.core.runner.TestStep.executeStep(TestStep.java:85) ~[cucumber-core-7.8.1.jar:7.8.1]
	at io.cucumber.core.runner.TestStep.run(TestStep.java:57) ~[cucumber-core-7.8.1.jar:7.8.1]
	at io.cucumber.core.runner.PickleStepTestStep.run(PickleStepTestStep.java:51) ~[cucumber-core-7.8.1.jar:7.8.1]
	at io.cucumber.core.runner.TestCase.run(TestCase.java:84) ~[cucumber-core-7.8.1.jar:7.8.1]
	at io.cucumber.core.runner.Runner.runPickle(Runner.java:75) ~[cucumber-core-7.8.1.jar:7.8.1]
	at io.cucumber.testng.TestNGCucumberRunner.lambda$runScenario$1(TestNGCucumberRunner.java:132) ~[cucumber-testng-7.8.1.jar:7.8.1]
	at io.cucumber.core.runtime.CucumberExecutionContext.lambda$runTestCase$5(CucumberExecutionContext.java:129) ~[cucumber-core-7.8.1.jar:7.8.1]
	at io.cucumber.core.runtime.RethrowingThrowableCollector.executeAndThrow(RethrowingThrowableCollector.java:23) [cucumber-core-7.8.1.jar:7.8.1]
	at io.cucumber.core.runtime.CucumberExecutionContext.runTestCase(CucumberExecutionContext.java:129) [cucumber-core-7.8.1.jar:7.8.1]
	at io.cucumber.testng.TestNGCucumberRunner.runScenario(TestNGCucumberRunner.java:129) [cucumber-testng-7.8.1.jar:7.8.1]
	at io.cucumber.testng.AbstractTestNGCucumberTests.runScenario(AbstractTestNGCucumberTests.java:35) [cucumber-testng-7.8.1.jar:7.8.1]
	at jdk.internal.reflect.NativeMethodAccessorImpl.invoke0(Native Method) ~[?:?]
	at jdk.internal.reflect.NativeMethodAccessorImpl.invoke(NativeMethodAccessorImpl.java:77) ~[?:?]
	at jdk.internal.reflect.DelegatingMethodAccessorImpl.invoke(DelegatingMethodAccessorImpl.java:43) ~[?:?]
	at java.lang.reflect.Method.invoke(Method.java:568) ~[?:?]
	at org.testng.internal.MethodInvocationHelper.invokeMethod(MethodInvocationHelper.java:131) [testng-7.0.0-beta1.jar:?]
	at org.testng.internal.Invoker.invokeMethod(Invoker.java:658) [testng-7.0.0-beta1.jar:?]
	at org.testng.internal.Invoker.invokeTestMethod(Invoker.java:792) [testng-7.0.0-beta1.jar:?]
	at org.testng.internal.Invoker.invokeTestMethods(Invoker.java:1103) [testng-7.0.0-beta1.jar:?]
	at org.testng.internal.TestMethodWorker.invokeTestMethods(TestMethodWorker.java:140) [testng-7.0.0-beta1.jar:?]
	at org.testng.internal.TestMethodWorker.run(TestMethodWorker.java:122) [testng-7.0.0-beta1.jar:?]
	at org.testng.TestRunner.privateRun(TestRunner.java:739) [testng-7.0.0-beta1.jar:?]
	at org.testng.TestRunner.run(TestRunner.java:589) [testng-7.0.0-beta1.jar:?]
	at org.testng.SuiteRunner.runTest(SuiteRunner.java:398) [testng-7.0.0-beta1.jar:?]
	at org.testng.SuiteRunner.runSequentially(SuiteRunner.java:392) [testng-7.0.0-beta1.jar:?]
	at org.testng.SuiteRunner.privateRun(SuiteRunner.java:354) [testng-7.0.0-beta1.jar:?]
	at org.testng.SuiteRunner.run(SuiteRunner.java:302) [testng-7.0.0-beta1.jar:?]
	at org.testng.SuiteRunnerWorker.runSuite(SuiteRunnerWorker.java:53) [testng-7.0.0-beta1.jar:?]
	at org.testng.SuiteRunnerWorker.run(SuiteRunnerWorker.java:96) [testng-7.0.0-beta1.jar:?]
	at org.testng.TestNG.runSuitesSequentially(TestNG.java:1145) [testng-7.0.0-beta1.jar:?]
	at org.testng.TestNG.runSuitesLocally(TestNG.java:1067) [testng-7.0.0-beta1.jar:?]
	at org.testng.TestNG.runSuites(TestNG.java:997) [testng-7.0.0-beta1.jar:?]
	at org.testng.TestNG.run(TestNG.java:965) [testng-7.0.0-beta1.jar:?]
	at com.intellij.rt.testng.IDEARemoteTestNG.run(IDEARemoteTestNG.java:66) [testng-rt.jar:?]
	at com.intellij.rt.testng.RemoteTestNGStarter.main(RemoteTestNGStarter.java:109) [testng-rt.jar:?]
2022-12-05 02:34:13 [main] [<clinit>] [482] DEBUG io.netty.util.internal.PlatformDependent0 - java.nio.DirectByteBuffer.<init>(long, int): unavailable
2022-12-05 02:34:13 [main] [unsafeUnavailabilityCause0] [1159] DEBUG io.netty.util.internal.PlatformDependent - sun.misc.Unsafe: available
2022-12-05 02:34:13 [main] [estimateMaxDirectMemory] [1270] DEBUG io.netty.util.internal.PlatformDependent - maxDirectMemory: 8480882688 bytes (maybe)
2022-12-05 02:34:13 [main] [tmpdir0] [1289] DEBUG io.netty.util.internal.PlatformDependent - -Dio.netty.tmpdir: C:\Users\NATALY~1\AppData\Local\Temp (java.io.tmpdir)
2022-12-05 02:34:13 [main] [bitMode0] [1368] DEBUG io.netty.util.internal.PlatformDependent - -Dio.netty.bitMode: 64 (sun.arch.data.model)
2022-12-05 02:34:13 [main] [isWindows0] [1119] DEBUG io.netty.util.internal.PlatformDependent - Platform: Windows
2022-12-05 02:34:13 [main] [<clinit>] [178] DEBUG io.netty.util.internal.PlatformDependent - -Dio.netty.maxDirectMemory: -1 bytes
2022-12-05 02:34:13 [main] [<clinit>] [185] DEBUG io.netty.util.internal.PlatformDependent - -Dio.netty.uninitializedArrayAllocationThreshold: -1
2022-12-05 02:34:13 [main] [<clinit>] [71] DEBUG io.netty.util.internal.CleanerJava9 - java.nio.ByteBuffer.cleaner(): available
2022-12-05 02:34:13 [main] [<clinit>] [205] DEBUG io.netty.util.internal.PlatformDependent - -Dio.netty.noPreferDirect: false
2022-12-05 02:34:13 [main] [<clinit>] [1010] DEBUG io.netty.util.internal.PlatformDependent - org.jctools-core.MpscChunkedArrayQueue: available
2022-12-05 02:34:13 [main] [<clinit>] [86] DEBUG io.netty.util.internal.InternalThreadLocalMap - -Dio.netty.threadLocalMap.stringBuilder.initialSize: 1024
2022-12-05 02:34:13 [main] [<clinit>] [89] DEBUG io.netty.util.internal.InternalThreadLocalMap - -Dio.netty.threadLocalMap.stringBuilder.maxSize: 4096
2022-12-05 02:34:13 [main] [<clinit>] [83] DEBUG io.netty.handler.ssl.JdkSslContext - Default protocols (JDK): [TLSv1.3, TLSv1.2] 
2022-12-05 02:34:13 [main] [<clinit>] [84] DEBUG io.netty.handler.ssl.JdkSslContext - Default cipher suites (JDK): [TLS_ECDHE_ECDSA_WITH_AES_256_GCM_SHA384, TLS_ECDHE_ECDSA_WITH_AES_128_GCM_SHA256, TLS_ECDHE_RSA_WITH_AES_128_GCM_SHA256, TLS_ECDHE_RSA_WITH_AES_256_GCM_SHA384, TLS_ECDHE_RSA_WITH_AES_128_CBC_SHA, TLS_ECDHE_RSA_WITH_AES_256_CBC_SHA, TLS_RSA_WITH_AES_128_GCM_SHA256, TLS_RSA_WITH_AES_128_CBC_SHA, TLS_RSA_WITH_AES_256_CBC_SHA, TLS_AES_128_GCM_SHA256, TLS_AES_256_GCM_SHA384]
2022-12-05 02:34:13 [main] [<clinit>] [44] DEBUG io.netty.channel.MultithreadEventLoopGroup - -Dio.netty.eventLoopThreads: 16
2022-12-05 02:34:13 [main] [<clinit>] [110] DEBUG io.netty.channel.nio.NioEventLoop - -Dio.netty.noKeySetOptimization: false
2022-12-05 02:34:13 [main] [<clinit>] [111] DEBUG io.netty.channel.nio.NioEventLoop - -Dio.netty.selectorAutoRebuildThreshold: 512
2022-12-05 02:34:13 [main] [<clinit>] [157] DEBUG io.netty.buffer.PooledByteBufAllocator - -Dio.netty.allocator.numHeapArenas: 16
2022-12-05 02:34:13 [main] [<clinit>] [158] DEBUG io.netty.buffer.PooledByteBufAllocator - -Dio.netty.allocator.numDirectArenas: 16
2022-12-05 02:34:13 [main] [<clinit>] [160] DEBUG io.netty.buffer.PooledByteBufAllocator - -Dio.netty.allocator.pageSize: 8192
2022-12-05 02:34:13 [main] [<clinit>] [165] DEBUG io.netty.buffer.PooledByteBufAllocator - -Dio.netty.allocator.maxOrder: 9
2022-12-05 02:34:13 [main] [<clinit>] [169] DEBUG io.netty.buffer.PooledByteBufAllocator - -Dio.netty.allocator.chunkSize: 4194304
2022-12-05 02:34:13 [main] [<clinit>] [170] DEBUG io.netty.buffer.PooledByteBufAllocator - -Dio.netty.allocator.smallCacheSize: 256
2022-12-05 02:34:13 [main] [<clinit>] [171] DEBUG io.netty.buffer.PooledByteBufAllocator - -Dio.netty.allocator.normalCacheSize: 64
2022-12-05 02:34:13 [main] [<clinit>] [172] DEBUG io.netty.buffer.PooledByteBufAllocator - -Dio.netty.allocator.maxCachedBufferCapacity: 32768
2022-12-05 02:34:13 [main] [<clinit>] [173] DEBUG io.netty.buffer.PooledByteBufAllocator - -Dio.netty.allocator.cacheTrimInterval: 8192
2022-12-05 02:34:13 [main] [<clinit>] [174] DEBUG io.netty.buffer.PooledByteBufAllocator - -Dio.netty.allocator.cacheTrimIntervalMillis: 0
2022-12-05 02:34:13 [main] [<clinit>] [175] DEBUG io.netty.buffer.PooledByteBufAllocator - -Dio.netty.allocator.useCacheForAllThreads: false
2022-12-05 02:34:13 [main] [<clinit>] [176] DEBUG io.netty.buffer.PooledByteBufAllocator - -Dio.netty.allocator.maxCachedByteBuffersPerChunk: 1023
2022-12-05 02:34:13 [main] [<clinit>] [87] DEBUG io.netty.buffer.ByteBufUtil - -Dio.netty.allocator.type: pooled
2022-12-05 02:34:13 [main] [<clinit>] [96] DEBUG io.netty.buffer.ByteBufUtil - -Dio.netty.threadLocalDirectBufferSize: 0
2022-12-05 02:34:13 [main] [<clinit>] [99] DEBUG io.netty.buffer.ByteBufUtil - -Dio.netty.maxThreadLocalCharBufferSize: 16384
2022-12-05 02:34:13 [Forwarding newSession on session null to remote] [<clinit>] [79] DEBUG io.netty.channel.DefaultChannelId - -Dio.netty.processId: 9840 (auto-detected)
2022-12-05 02:34:13 [Forwarding newSession on session null to remote] [<clinit>] [136] DEBUG io.netty.util.NetUtil - -Djava.net.preferIPv4Stack: false
2022-12-05 02:34:13 [Forwarding newSession on session null to remote] [<clinit>] [137] DEBUG io.netty.util.NetUtil - -Djava.net.preferIPv6Addresses: false
2022-12-05 02:34:13 [Forwarding newSession on session null to remote] [determineLoopback] [129] DEBUG io.netty.util.NetUtilInitializations - Loopback interface: lo (Software Loopback Interface 1, 127.0.0.1)
2022-12-05 02:34:13 [Forwarding newSession on session null to remote] [run] [191] DEBUG io.netty.util.NetUtil - Failed to get SOMAXCONN from sysctl and file \proc\sys\net\core\somaxconn. Default: 200
2022-12-05 02:34:13 [Forwarding newSession on session null to remote] [<clinit>] [101] DEBUG io.netty.channel.DefaultChannelId - -Dio.netty.machineId: 38:fc:98:ff:fe:0e:5c:4a (auto-detected)
2022-12-05 02:34:13 [AsyncHttpClient-1-2] [<clinit>] [63] DEBUG io.netty.buffer.AbstractByteBuf - -Dio.netty.buffer.checkAccessible: true
2022-12-05 02:34:13 [AsyncHttpClient-1-2] [<clinit>] [64] DEBUG io.netty.buffer.AbstractByteBuf - -Dio.netty.buffer.checkBounds: true
2022-12-05 02:34:13 [AsyncHttpClient-1-2] [newResourceLeakDetector] [196] DEBUG io.netty.util.ResourceLeakDetectorFactory - Loaded default ResourceLeakDetector: io.netty.util.ResourceLeakDetector@4d7ed554
2022-12-05 02:34:13 [AsyncHttpClient-1-2] [<clinit>] [85] DEBUG io.netty.util.Recycler - -Dio.netty.recycler.maxCapacityPerThread: 4096
2022-12-05 02:34:13 [AsyncHttpClient-1-2] [<clinit>] [86] DEBUG io.netty.util.Recycler - -Dio.netty.recycler.ratio: 8
2022-12-05 02:34:13 [AsyncHttpClient-1-2] [<clinit>] [87] DEBUG io.netty.util.Recycler - -Dio.netty.recycler.chunkSize: 32
2022-12-05 02:34:13 [AsyncHttpClient-1-2] [<clinit>] [88] DEBUG io.netty.util.Recycler - -Dio.netty.recycler.blocking: false
2022-12-05 02:34:14 [AsyncHttpClient-1-2] [<clinit>] [38] DEBUG netty.handler.codec.compression.Brotli - brotli4j not in the classpath; Brotli support will be unavailable.
2022-12-05 02:34:14 [main] [newSeed] [214] DEBUG io.netty.util.internal.ThreadLocalRandom - -Dio.netty.initialSeedUniquifier: 0xc557cc58b353753f
2022-12-05 02:34:14 [main] [getDriver] [47] INFO   - Browser Chrome is running.
2022-12-05 02:34:20 [main] [openPage] [36] INFO   - Login page opened
2022-12-05 02:34:23 [main] [mailruLogin] [50] INFO   - Login performed
2022-12-05 02:34:27 [main] [onFinish] [48] INFO   - Failed: [ResultMap map={}]
2022-12-05 02:34:27 [main] [onFinish] [49] INFO   - Success: [ResultMap map={[TestResult name=runScenario status=SUCCESS method=AbstractTestNGCucumberTests.runScenario(io.cucumber.testng.PickleWrapper, io.cucumber.testng.FeatureWrapper)[pri:0, instance:by.epam.pageobject_model.cucumber.runner.TestRunner@17497425] output={null}]=AbstractTestNGCucumberTests.runScenario(io.cucumber.testng.PickleWrapper, io.cucumber.testng.FeatureWrapper)[pri:0, instance:by.epam.pageobject_model.cucumber.runner.TestRunner@17497425]}]
